{
  "stats": {
    "suites": 1,
    "tests": 1,
    "passes": 1,
    "pending": 0,
    "failures": 0,
    "start": "2022-11-01T08:46:16.652Z",
    "end": "2022-11-01T08:46:18.263Z",
    "duration": 1611,
    "testsRegistered": 1,
    "passPercent": 100,
    "pendingPercent": 0,
    "other": 0,
    "hasOther": false,
    "skipped": 0,
    "hasSkipped": false
  },
  "results": [
    {
      "uuid": "92413925-d369-4d5d-b334-050c9620585d",
      "title": "",
      "fullFile": "C:\\Users\\alifi\\OneDrive\\Documents\\StudyJam\\BigAPI\\test\\scenarios\\createtoken.test.js",
      "file": "\\test\\scenarios\\createtoken.test.js",
      "beforeHooks": [],
      "afterHooks": [],
      "tests": [],
      "suites": [
        {
          "uuid": "6fb37f36-15e9-472a-8561-bce5620aeac0",
          "title": "CreateToken",
          "fullFile": "C:\\Users\\alifi\\OneDrive\\Documents\\StudyJam\\BigAPI\\test\\scenarios\\createtoken.test.js",
          "file": "\\test\\scenarios\\createtoken.test.js",
          "beforeHooks": [],
          "afterHooks": [],
          "tests": [
            {
              "title": "Should successful create token when input valid data",
              "fullTitle": "CreateToken Should successful create token when input valid data",
              "timedOut": false,
              "duration": 1586,
              "state": "passed",
              "speed": "slow",
              "pass": true,
              "fail": false,
              "pending": false,
              "context": null,
              "code": "const response = await BigAPI.CreateToken(data.VALID_CREATE_TOKEN);\nassert.equal(response.status, 200);\nassert.containsAllKeys(response.data, [\"token\"]);\nassert.isString(response.data.token);",
              "err": {},
              "uuid": "04281e5d-e3f6-44da-a728-73c81fdddd3c",
              "parentUUID": "6fb37f36-15e9-472a-8561-bce5620aeac0",
              "isHook": false,
              "skipped": false
            }
          ],
          "suites": [],
          "passes": [
            "04281e5d-e3f6-44da-a728-73c81fdddd3c"
          ],
          "failures": [],
          "pending": [],
          "skipped": [],
          "duration": 1586,
          "root": false,
          "rootEmpty": false,
          "_timeout": 2000
        }
      ],
      "passes": [],
      "failures": [],
      "pending": [],
      "skipped": [],
      "duration": 0,
      "root": true,
      "rootEmpty": true,
      "_timeout": 2000
    }
  ],
  "meta": {
    "mocha": {
      "version": "10.1.0"
    },
    "mochawesome": {
      "options": {
        "quiet": false,
        "reportFilename": "mochawesome",
        "saveHtml": true,
        "saveJson": true,
        "consoleReporter": "spec",
        "useInlineDiffs": false,
        "code": true
      },
      "version": "7.1.3"
    },
    "marge": {
      "options": null,
      "version": "6.2.0"
    }
  }
}